<?xml version="1.0" encoding="UTF-8"?>
<!-- Generated by org.testng.reporters.JUnitReportReporter -->
<testsuite hostname="Shruti" failures="0" tests="1" name="cucumber.TestNGTestRunner" time="21.196" errors="0" timestamp="2024-09-01T12:34:10 IST" skipped="0">
  <testcase classname="cucumber.TestNGTestRunner" name="runScenario" time="21.196"/>
  <system-out/>
</testsuite> <!-- cucumber.TestNGTestRunner -->
