<?xml version="1.0" encoding="UTF-8"?>
<!-- Generated by org.testng.reporters.JUnitReportReporter -->
<testsuite hostname="Shruti" failures="0" tests="3" name="magicedtech.content.tests.SubmitOrderTest" time="37.814" errors="0" timestamp="2024-08-24T19:29:01 IST" skipped="0">
  <testcase classname="magicedtech.content.tests.SubmitOrderTest" name="submitOrder" time="15.593"/>
  <system-out/>
  <testcase classname="magicedtech.content.tests.SubmitOrderTest" name="submitOrder" time="19.465"/>
  <system-out/>
  <testcase classname="magicedtech.content.tests.SubmitOrderTest" name="orderHistory" time="2.756"/>
  <system-out/>
</testsuite> <!-- magicedtech.content.tests.SubmitOrderTest -->
