<?xml version="1.0" encoding="UTF-8"?>
<!-- Generated by org.testng.reporters.JUnitReportReporter -->
<testsuite hostname="Shruti" failures="0" tests="3" name="magicedtech.content.tests.SubmitOrderTest" time="45.061" errors="0" timestamp="2024-09-02T10:40:50 IST" skipped="0">
  <testcase classname="magicedtech.content.tests.SubmitOrderTest" name="orderHistory" time="3.813"/>
  <system-out/>
  <testcase classname="magicedtech.content.tests.SubmitOrderTest" name="submitOrder" time="20.252"/>
  <system-out/>
  <testcase classname="magicedtech.content.tests.SubmitOrderTest" name="submitOrder" time="20.996"/>
  <system-out/>
</testsuite> <!-- magicedtech.content.tests.SubmitOrderTest -->
