<?xml version="1.0" encoding="UTF-8"?>
<!-- Generated by org.testng.reporters.JUnitReportReporter -->
<testsuite hostname="Shruti" failures="0" tests="2" name="magicedtech.content.tests.ErrorValidationsTest" time="35.499" errors="0" timestamp="2024-09-02T10:40:50 IST" skipped="0">
  <testcase classname="magicedtech.content.tests.ErrorValidationsTest" name="ProductErrorValidation" time="31.861"/>
  <system-out/>
  <testcase classname="magicedtech.content.tests.ErrorValidationsTest" name="LoginErrorValidation" time="3.638"/>
  <system-out/>
</testsuite> <!-- magicedtech.content.tests.ErrorValidationsTest -->
